<?xml version="1.0" encoding="UTF-8"?>
<!-- Generated by org.testng.reporters.JUnitReportReporter -->
<testsuite hostname="LAPTOP-R5NV1QLO" failures="0" tests="1" name="Homeproject.Firstpractice.AppTest" time="0.010" errors="0" timestamp="2021-11-07T16:12:12 EST" skipped="0">
  <testcase classname="Homeproject.Firstpractice.AppTest" name="shouldAnswerWithTrue" time="0.010"/>
  <system-out/>
</testsuite> <!-- Homeproject.Firstpractice.AppTest -->
